2014-02-16 09:23:37 [CLIENT] [INFO] Setting user: Player963
2014-02-16 09:23:38 [CLIENT] [INFO] LWJGL Version: 2.9.0
2014-02-16 09:23:38 [CLIENT] [INFO] Reloading ResourceManager: Default
2014-02-16 09:23:42 [CLIENT] [INFO] Reloading ResourceManager: Default, FMLFileResourcePack:Forge Mod Loader, FMLFileResourcePack:Minecraft Forge
2014-02-16 09:23:44 [CLIENT] [INFO] Reloading ResourceManager: Default, FMLFileResourcePack:Forge Mod Loader, FMLFileResourcePack:Minecraft Forge
2014-02-16 09:23:44 [CLIENT] [SEVERE] ########## GL ERROR ##########
2014-02-16 09:23:44 [CLIENT] [SEVERE] @ Post startup
2014-02-16 09:23:44 [CLIENT] [SEVERE] 1281: Invalid value
2014-02-16 09:23:46 [CLIENT] [SEVERE] Realms: Server not available!
2014-02-16 09:23:53 [CLIENT] [INFO] Stopping!
2014-02-16 09:47:43 [CLIENT] [INFO] Setting user: Player996
2014-02-16 09:47:44 [CLIENT] [INFO] LWJGL Version: 2.9.0
2014-02-16 09:47:45 [CLIENT] [INFO] Reloading ResourceManager: Default
2014-02-16 09:47:48 [CLIENT] [INFO] Reloading ResourceManager: Default, FMLFileResourcePack:Forge Mod Loader, FMLFileResourcePack:Minecraft Forge, FMLFileResourcePack:Antarctica Mod
2014-02-16 09:47:49 [CLIENT] [INFO] Reloading ResourceManager: Default, FMLFileResourcePack:Forge Mod Loader, FMLFileResourcePack:Minecraft Forge, FMLFileResourcePack:Antarctica Mod
2014-02-16 09:47:50 [CLIENT] [SEVERE] ########## GL ERROR ##########
2014-02-16 09:47:50 [CLIENT] [SEVERE] @ Post startup
2014-02-16 09:47:50 [CLIENT] [SEVERE] 1281: Invalid value
2014-02-16 09:47:52 [CLIENT] [SEVERE] Realms: Server not available!
2014-02-16 09:48:35 [CLIENT] [INFO] Stopping!
