2014-02-16 09:48:01 [SERVER] [INFO] Starting integrated minecraft server version 1.6.4
2014-02-16 09:48:01 [SERVER] [INFO] Generating keypair
2014-02-16 09:48:02 [SERVER] [INFO] Converting map!
2014-02-16 09:48:02 [SERVER] [INFO] Scanning folders...
2014-02-16 09:48:02 [SERVER] [INFO] Total conversion count is 0
2014-02-16 09:48:02 [SERVER] [INFO] Preparing start region for level 0
2014-02-16 09:48:03 [SERVER] [INFO] Preparing spawn area: 7%
2014-02-16 09:48:04 [SERVER] [INFO] Preparing spawn area: 11%
2014-02-16 09:48:05 [SERVER] [INFO] Preparing spawn area: 25%
2014-02-16 09:48:06 [SERVER] [INFO] Preparing spawn area: 36%
2014-02-16 09:48:07 [SERVER] [INFO] Preparing spawn area: 49%
2014-02-16 09:48:08 [SERVER] [INFO] Preparing spawn area: 62%
2014-02-16 09:48:09 [SERVER] [INFO] Preparing spawn area: 75%
2014-02-16 09:48:10 [SERVER] [INFO] Preparing spawn area: 91%
2014-02-16 09:48:11 [SERVER] [INFO] Player996[/127.0.0.1:0] logged in with entity id 263 at (-229.5, 76.0, 255.5)
2014-02-16 09:48:11 [SERVER] [INFO] Player996 joined the game
2014-02-16 09:48:17 [SERVER] [INFO] Saving and pausing game...
2014-02-16 09:48:17 [SERVER] [INFO] Saving chunks for level 'New World'/Overworld
2014-02-16 09:48:24 [SERVER] [INFO] Saving chunks for level 'New World'/Nether
2014-02-16 09:48:24 [SERVER] [INFO] Saving chunks for level 'New World'/The End
2014-02-16 09:48:24 [SERVER] [INFO] Player996 lost connection: disconnect.quitting
2014-02-16 09:48:24 [SERVER] [INFO] Player996 left the game
2014-02-16 09:48:24 [SERVER] [INFO] Stopping singleplayer server as player logged out
2014-02-16 09:48:26 [SERVER] [INFO] Stopping server
2014-02-16 09:48:26 [SERVER] [INFO] Saving players
2014-02-16 09:48:26 [SERVER] [INFO] Saving worlds
2014-02-16 09:48:26 [SERVER] [INFO] Saving chunks for level 'New World'/Overworld
2014-02-16 09:48:28 [SERVER] [INFO] Saving chunks for level 'New World'/Nether
2014-02-16 09:48:28 [SERVER] [INFO] Saving chunks for level 'New World'/The End
